<?xml version="1.0" encoding="UTF-8"?>
<!-- Generated by org.testng.reporters.JUnitReportReporter -->
<testsuite hostname="Nistozs-MacBook-Pro-II.local" failures="0" tests="1" name="nb_c11s9_Test_pkg.LoginTest" time="8.682" errors="0" timestamp="2023-07-16T19:12:41 CDT" skipped="0">
  <testcase classname="nb_c11s9_Test_pkg.LoginTest" name="validUserShouldBeAbleToLogin" time="8.682"/>
</testsuite> <!-- nb_c11s9_Test_pkg.LoginTest -->
